2021-05-05 14:09:39,797 INFO org.springframework.boot.StartupInfoLogger [restartedMain] Starting SpringBootBLogApplication using Java 11.0.4 on ahwonline.ab.bluecross.ca with PID 29267 (/Users/jenny/Jenny-Code/github/SpringProjects/SpringBootBLog/target/classes started by jenny in /Users/jenny/Jenny-Code/github/SpringProjects/SpringBootBLog)
2021-05-05 14:09:39,793 INFO org.hibernate.validator.internal.util.Version [background-preinit] HV000001: Hibernate Validator 6.1.7.Final
2021-05-05 14:09:39,804 DEBUG org.springframework.boot.StartupInfoLogger [restartedMain] Running with Spring Boot v2.4.5, Spring v5.3.6
2021-05-05 14:09:39,805 INFO org.springframework.boot.SpringApplication [restartedMain] The following profiles are active: dev
2021-05-05 14:09:40,013 INFO org.springframework.boot.logging.DeferredLog [restartedMain] Devtools property defaults active! Set 'spring.devtools.add-properties' to 'false' to disable
2021-05-05 14:09:40,014 INFO org.springframework.boot.logging.DeferredLog [restartedMain] For additional web related logging consider setting the 'logging.level.web' property to 'DEBUG'
2021-05-05 14:09:41,315 INFO org.springframework.data.repository.config.RepositoryConfigurationDelegate [restartedMain] Bootstrapping Spring Data JPA repositories in DEFAULT mode.
2021-05-05 14:09:41,433 INFO org.springframework.data.repository.config.RepositoryConfigurationDelegate [restartedMain] Finished Spring Data repository scanning in 105 ms. Found 4 JPA repository interfaces.
2021-05-05 14:09:43,110 INFO org.springframework.boot.web.embedded.tomcat.TomcatWebServer [restartedMain] Tomcat initialized with port(s): 8082 (http)
2021-05-05 14:09:43,124 INFO org.apache.juli.logging.DirectJDKLog [restartedMain] Initializing ProtocolHandler ["http-nio-8082"]
2021-05-05 14:09:43,125 INFO org.apache.juli.logging.DirectJDKLog [restartedMain] Starting service [Tomcat]
2021-05-05 14:09:43,125 INFO org.apache.juli.logging.DirectJDKLog [restartedMain] Starting Servlet engine: [Apache Tomcat/9.0.45]
2021-05-05 14:09:43,241 INFO org.apache.juli.logging.DirectJDKLog [restartedMain] Initializing Spring embedded WebApplicationContext
2021-05-05 14:09:43,245 INFO org.springframework.boot.web.servlet.context.ServletWebServerApplicationContext [restartedMain] Root WebApplicationContext: initialization completed in 3230 ms
2021-05-05 14:09:44,014 INFO org.hibernate.jpa.internal.util.LogHelper [restartedMain] HHH000204: Processing PersistenceUnitInfo [name: default]
2021-05-05 14:09:44,060 INFO org.hibernate.Version [restartedMain] HHH000412: Hibernate ORM core version 5.4.30.Final
2021-05-05 14:09:44,209 INFO org.hibernate.annotations.common.reflection.java.JavaReflectionManager [restartedMain] HCANN000001: Hibernate Commons Annotations {5.1.2.Final}
2021-05-05 14:09:44,316 INFO com.zaxxer.hikari.HikariDataSource [restartedMain] HikariPool-1 - Starting...
2021-05-05 14:09:44,795 INFO com.zaxxer.hikari.HikariDataSource [restartedMain] HikariPool-1 - Start completed.
2021-05-05 14:09:44,829 INFO org.hibernate.dialect.Dialect [restartedMain] HHH000400: Using dialect: org.hibernate.dialect.MySQL8Dialect
2021-05-05 14:09:46,131 INFO org.hibernate.engine.transaction.jta.platform.internal.JtaPlatformInitiator [restartedMain] HHH000490: Using JtaPlatform implementation: [org.hibernate.engine.transaction.jta.platform.internal.NoJtaPlatform]
2021-05-05 14:09:46,140 INFO org.springframework.orm.jpa.AbstractEntityManagerFactoryBean [restartedMain] Initialized JPA EntityManagerFactory for persistence unit 'default'
2021-05-05 14:09:46,262 WARN org.springframework.boot.devtools.autoconfigure.OptionalLiveReloadServer [restartedMain] Unable to start LiveReload server
2021-05-05 14:09:47,786 WARN org.springframework.boot.autoconfigure.orm.jpa.JpaBaseConfiguration$JpaWebConfiguration [restartedMain] spring.jpa.open-in-view is enabled by default. Therefore, database queries may be performed during view rendering. Explicitly configure spring.jpa.open-in-view to disable this warning
2021-05-05 14:09:48,516 INFO org.springframework.scheduling.concurrent.ExecutorConfigurationSupport [restartedMain] Initializing ExecutorService 'applicationTaskExecutor'
2021-05-05 14:09:49,200 INFO org.springframework.boot.autoconfigure.web.servlet.WelcomePageHandlerMapping [restartedMain] Adding welcome page template: index
2021-05-05 14:09:50,305 INFO org.apache.juli.logging.DirectJDKLog [restartedMain] Starting ProtocolHandler ["http-nio-8082"]
2021-05-05 14:09:50,333 INFO org.springframework.boot.web.embedded.tomcat.TomcatWebServer [restartedMain] Tomcat started on port(s): 8082 (http) with context path ''
2021-05-05 14:09:50,362 INFO org.springframework.boot.StartupInfoLogger [restartedMain] Started SpringBootBLogApplication in 11.646 seconds (JVM running for 12.651)
2021-05-05 14:10:03,016 INFO org.apache.juli.logging.DirectJDKLog [http-nio-8082-exec-1] Initializing Spring DispatcherServlet 'dispatcherServlet'
2021-05-05 14:10:03,017 INFO org.springframework.web.servlet.FrameworkServlet [http-nio-8082-exec-1] Initializing Servlet 'dispatcherServlet'
2021-05-05 14:10:03,025 INFO org.springframework.web.servlet.FrameworkServlet [http-nio-8082-exec-1] Completed initialization in 8 ms
2021-05-05 14:10:03,069 INFO com.jdai.SpringBootBLog.aspect.LogAspect [http-nio-8082-exec-1]  -----------------doBefore...Request: RequestLog{url='http://localhost:8082/', ip='0:0:0:0:0:0:0:1', classMethod='com.jdai.SpringBootBLog.controller.IndexController.index', args=[]}
2021-05-05 14:10:03,122 INFO com.jdai.SpringBootBLog.aspect.LogAspect [http-nio-8082-exec-1]  -----------------doAfterReturning...result:index
2021-05-05 14:10:03,123 INFO com.jdai.SpringBootBLog.aspect.LogAspect [http-nio-8082-exec-1]  -----------------doAfter...
2021-05-05 15:34:06,451 INFO org.springframework.scheduling.concurrent.ExecutorConfigurationSupport [SpringContextShutdownHook] Shutting down ExecutorService 'applicationTaskExecutor'
2021-05-05 15:34:06,466 INFO org.springframework.orm.jpa.AbstractEntityManagerFactoryBean [SpringContextShutdownHook] Closing JPA EntityManagerFactory for persistence unit 'default'
2021-05-05 15:34:06,510 INFO com.zaxxer.hikari.HikariDataSource [SpringContextShutdownHook] HikariPool-1 - Shutdown initiated...
2021-05-05 15:34:06,539 INFO com.zaxxer.hikari.HikariDataSource [SpringContextShutdownHook] HikariPool-1 - Shutdown completed.
